[debug] [2024-05-26T07:17:33.243Z] ----------------------------------------------------------------------
[debug] [2024-05-26T07:17:33.245Z] Command:       C:\Program Files\nodejs\node.exe C:\Users\sanuk\AppData\Roaming\npm\node_modules\firebase-tools\lib\bin\firebase.js init
[debug] [2024-05-26T07:17:33.246Z] CLI Version:   13.10.1
[debug] [2024-05-26T07:17:33.246Z] Platform:      win32
[debug] [2024-05-26T07:17:33.246Z] Node Version:  v18.16.1
[debug] [2024-05-26T07:17:33.247Z] Time:          Sun May 26 2024 12:47:33 GMT+0530 (India Standard Time)
[debug] [2024-05-26T07:17:33.247Z] ----------------------------------------------------------------------
[debug] 
[debug] [2024-05-26T07:17:33.253Z] > command requires scopes: ["email","openid","https://www.googleapis.com/auth/cloudplatformprojects.readonly","https://www.googleapis.com/auth/firebase","https://www.googleapis.com/auth/cloud-platform"]
[debug] [2024-05-26T07:17:33.253Z] > authorizing via signed-in user (sanukasithum99@gmail.com)
[info] 
     ######## #### ########  ######## ########     ###     ######  ########
     ##        ##  ##     ## ##       ##     ##  ##   ##  ##       ##
     ######    ##  ########  ######   ########  #########  ######  ######
     ##        ##  ##    ##  ##       ##     ## ##     ##       ## ##
     ##       #### ##     ## ######## ########  ##     ##  ######  ########

You're about to initialize a Firebase project in this directory:

  C:\xampp\htdocs\University-WebSite

Before we get started, keep in mind:

  * You are currently outside your home directory

[info] 
=== Project Setup
[info] 
[info] First, let's associate this project directory with a Firebase project.
[info] You can create multiple project aliases by running firebase use --add, 
[info] but for now we'll just set up a default project.
[info] 
[debug] [2024-05-26T07:18:13.228Z] > refreshing access token with scopes: []
[debug] [2024-05-26T07:18:13.230Z] >>> [apiv2][query] POST https://www.googleapis.com/oauth2/v3/token [none]
[debug] [2024-05-26T07:18:13.230Z] >>> [apiv2][body] POST https://www.googleapis.com/oauth2/v3/token [omitted]
[debug] [2024-05-26T07:18:13.816Z] <<< [apiv2][status] POST https://www.googleapis.com/oauth2/v3/token 200
[debug] [2024-05-26T07:18:13.816Z] <<< [apiv2][body] POST https://www.googleapis.com/oauth2/v3/token [omitted]
[debug] [2024-05-26T07:18:13.934Z] >>> [apiv2][query] GET https://firebase.googleapis.com/v1beta1/projects pageSize=100
[debug] [2024-05-26T07:18:15.300Z] <<< [apiv2][status] GET https://firebase.googleapis.com/v1beta1/projects 200
[debug] [2024-05-26T07:18:15.301Z] <<< [apiv2][body] GET https://firebase.googleapis.com/v1beta1/projects [omitted]
[info] i  Using project university-webhosting (University-webhosting) 
[info] 
=== Hosting Setup
[debug] [2024-05-26T07:18:24.738Z] >>> [apiv2][query] GET https://firebase.googleapis.com/v1beta1/projects/university-webhosting [none]
[debug] [2024-05-26T07:18:25.381Z] <<< [apiv2][status] GET https://firebase.googleapis.com/v1beta1/projects/university-webhosting 200
[debug] [2024-05-26T07:18:25.382Z] <<< [apiv2][body] GET https://firebase.googleapis.com/v1beta1/projects/university-webhosting {"projectId":"university-webhosting","projectNumber":"1073140117160","displayName":"University-webhosting","name":"projects/university-webhosting","resources":{"hostingSite":"university-webhosting"},"state":"ACTIVE","etag":"1_17c687a3-4afd-455f-93fc-9e71b176ae25"}
[info] 
[info] Your public directory is the folder (relative to your project directory) that
[info] will contain Hosting assets to be uploaded with firebase deploy. If you
[info] have a build process for your assets, use your build's output directory.
[info] 
[info] +  Wrote public/404.html 
[debug] [2024-05-26T07:19:51.433Z] >>> [apiv2][query] GET https://www.gstatic.com/firebasejs/releases.json [none]
[debug] [2024-05-26T07:19:51.924Z] <<< [apiv2][status] GET https://www.gstatic.com/firebasejs/releases.json 200
[debug] [2024-05-26T07:19:51.924Z] <<< [apiv2][body] GET https://www.gstatic.com/firebasejs/releases.json {"current":{"version":"10.12.1","browserURL":"https://www.gstatic.com/firebasejs/10.12.1/firebase.js","packageURL":"https://www.gstatic.com/firebasejs/10.12.1/firebase.tgz"},"live":{"version":"10.12","browserURL":"https://www.gstatic.com/firebasejs/live/10.12/firebase.js","packageURL":"https://www.gstatic.com/firebasejs/live/10.12/firebase.tgz"},"components":{"analytics":"https://www.gstatic.com/firebasejs/10.12.1/firebase-analytics.js","app":"https://www.gstatic.com/firebasejs/10.12.1/firebase-app.js","app-check":"https://www.gstatic.com/firebasejs/10.12.1/firebase-app-check.js","auth":"https://www.gstatic.com/firebasejs/10.12.1/firebase-auth.js","auth/cordova":"https://www.gstatic.com/firebasejs/10.12.1/firebase-auth/cordova.js","auth/web-extension":"https://www.gstatic.com/firebasejs/10.12.1/firebase-auth/web-extension.js","functions":"https://www.gstatic.com/firebasejs/10.12.1/firebase-functions.js","firestore":"https://www.gstatic.com/firebasejs/10.12.1/firebase-firestore.js","firestore/lite":"https://www.gstatic.com/firebasejs/10.12.1/firebase-firestore/lite.js","installations":"https://www.gstatic.com/firebasejs/10.12.1/firebase-installations.js","storage":"https://www.gstatic.com/firebasejs/10.12.1/firebase-storage.js","performance":"https://www.gstatic.com/firebasejs/10.12.1/firebase-performance.js","remote-config":"https://www.gstatic.com/firebasejs/10.12.1/firebase-remote-config.js","messaging":"https://www.gstatic.com/firebasejs/10.12.1/firebase-messaging.js","messaging/sw":"https://www.gstatic.com/firebasejs/10.12.1/firebase-messaging/sw.js","database":"https://www.gstatic.com/firebasejs/10.12.1/firebase-database.js","vertexai-preview":"https://www.gstatic.com/firebasejs/10.12.1/firebase-vertexai-preview.js","firestore.memory":"https://www.gstatic.com/firebasejs/10.12.1/firebase-firestore.memory.js"}}
[info] i  Skipping write of public/index.html 
[info] 
[info] i  Writing configuration info to firebase.json... 
[info] i  Writing project information to .firebaserc... 
[info] i  Writing gitignore file to .gitignore... 
[info] 
[info] +  Firebase initialization complete! 
